
Showing logs for build [32mfisoluwajana-cloudbees-environm-1[0m stage [32mmeta-pipeline[0m and container [32mstep-credential-initializer-p6htt[0m
{"level":"warn","ts":1568301868.3187404,"logger":"fallback-logger","caller":"logging/config.go:69","msg":"Fetch GitHub commit ID from kodata failed: \"ref: refs/heads/master\" is not a valid GitHub commit ID"}
{"level":"info","ts":1568301868.3193326,"logger":"fallback-logger","caller":"creds-init/main.go:40","msg":"Credentials initialized."}

Showing logs for build [32mfisoluwajana-cloudbees-environm-1[0m stage [32mmeta-pipeline[0m and container [32mstep-working-dir-initializer-qxznm[0m
{"level":"warn","ts":1568301869.5962105,"logger":"fallback-logger","caller":"logging/config.go:69","msg":"Fetch GitHub commit ID from kodata failed: open /var/run/ko/HEAD: no such file or directory"}
{"level":"info","ts":1568301869.5979192,"logger":"fallback-logger","caller":"bash/main.go:65","msg":"Successfully executed command \"mkdir -p /workspace/source\""}

Showing logs for build [32mfisoluwajana-cloudbees-environm-1[0m stage [32mmeta-pipeline[0m and container [32mstep-place-tools[0m

Showing logs for build [32mfisoluwajana-cloudbees-environm-1[0m stage [32mmeta-pipeline[0m and container [32mstep-git-source-meta-fisoluwajana-cloudbees-env-pbf6v[0m
{"level":"warn","ts":1568301875.6569357,"logger":"fallback-logger","caller":"logging/config.go:69","msg":"Fetch GitHub commit ID from kodata failed: \"ref: refs/heads/master\" is not a valid GitHub commit ID"}
{"level":"info","ts":1568301876.6824608,"logger":"fallback-logger","caller":"git/git.go:102","msg":"Successfully cloned https://github.com/************-cloudbees/environment-toothgrave-staging.git @ d295f889fd9abad68dc51328de6d8410e993113b in path /workspace/source"}

Showing logs for build [32mfisoluwajana-cloudbees-environm-1[0m stage [32mmeta-pipeline[0m and container [32mstep-git-merge[0m
Using SHAs from PULL_REFS=master:d295f889fd9abad68dc51328de6d8410e993113b,1:c8681f56a33734a2c534f4119a27734b106bce1d
DEBUG: ran git fetch --unshallow origin c8681f56a33734a2c534f4119a27734b106bce1d: d295f889fd9abad68dc51328de6d8410e993113b: in 
DEBUG: ran git checkout master in 
DEBUG: ran git reset --hard d295f889fd9abad68dc51328de6d8410e993113b in 
DEBUG: ran clean --force -d . in 
DEBUG: ran git merge c8681f56a33734a2c534f4119a27734b106bce1d in 
Merged SHA c8681f56a33734a2c534f4119a27734b106bce1d with commit message 'chore: Promote **-go-http to version 0.0.1' into base branch master

Showing logs for build [32mfisoluwajana-cloudbees-environm-1[0m stage [32mmeta-pipeline[0m and container [32mstep-merge-pull-refs[0m
DEBUG: ran git fetch origin c8681f56a33734a2c534f4119a27734b106bce1d: d295f889fd9abad68dc51328de6d8410e993113b: in 
DEBUG: Unshallowed git repo in 
DEBUG: ran git checkout master in 
DEBUG: ran git reset --hard d295f889fd9abad68dc51328de6d8410e993113b in 
DEBUG: ran clean --force -d . in 
DEBUG: ran git merge c8681f56a33734a2c534f4119a27734b106bce1d in 
Merged SHA c8681f56a33734a2c534f4119a27734b106bce1d with commit message 'chore: Promote **-go-http to version 0.0.1' into base branch master

Showing logs for build [32mfisoluwajana-cloudbees-environm-1[0m stage [32mmeta-pipeline[0m and container [32mstep-create-effective-pipeline[0m
Deleting and cloning the Jenkins X versions repo
Cloning the Jenkins X versions repo https://github.com/jenkins-x/jenkins-x-versions.git with ref refs/heads/master to /builder/home/.**/jenkins-x-versions
selected pack: /builder/home/.**/draft/packs/github.com/jenkins-x-buildpacks/jenkins-x-kubernetes/packs/environment
Effective pipeline written to jenkins-x-promotion-build-effective.yml

Showing logs for build [32mfisoluwajana-cloudbees-environm-1[0m stage [32mmeta-pipeline[0m and container [32mstep-create-tekton-crds[0m
PipelineActivity for ************-cloudbees-environment-toothgrave-staging-PR-1-1
Applying changes 
upserted PipelineResource ************-cloudbees-environm for the git repository https://github.com/************-cloudbees/environment-toothgrave-staging.git
upserted Task ************-cloudbees-environm-from-build-pack-1
upserted Pipeline ************-cloudbees-environm-1
created PipelineRun ************-cloudbees-environm-1
created PipelineStructure ************-cloudbees-environm-1

Showing logs for build [32mfisoluwajana-cloudbees-environm-1[0m stage [32mfrom-build-pack[0m and container [32mstep-credential-initializer-8l78h[0m
{"level":"warn","ts":1568301890.8792858,"logger":"fallback-logger","caller":"logging/config.go:69","msg":"Fetch GitHub commit ID from kodata failed: \"ref: refs/heads/master\" is not a valid GitHub commit ID"}
{"level":"info","ts":1568301890.8802247,"logger":"fallback-logger","caller":"creds-init/main.go:40","msg":"Credentials initialized."}

Showing logs for build [32mfisoluwajana-cloudbees-environm-1[0m stage [32mfrom-build-pack[0m and container [32mstep-working-dir-initializer-g8txq[0m
{"level":"warn","ts":1568301891.8120325,"logger":"fallback-logger","caller":"logging/config.go:69","msg":"Fetch GitHub commit ID from kodata failed: open /var/run/ko/HEAD: no such file or directory"}
{"level":"info","ts":1568301891.8147883,"logger":"fallback-logger","caller":"bash/main.go:65","msg":"Successfully executed command \"mkdir -p /workspace/source /workspace/source/env\""}

Showing logs for build [32mfisoluwajana-cloudbees-environm-1[0m stage [32mfrom-build-pack[0m and container [32mstep-place-tools[0m

Showing logs for build [32mfisoluwajana-cloudbees-environm-1[0m stage [32mfrom-build-pack[0m and container [32mstep-git-source-fisoluwajana-cloudbees-environm-c4w9t[0m
{"level":"warn","ts":1568301954.9110584,"logger":"fallback-logger","caller":"logging/config.go:69","msg":"Fetch GitHub commit ID from kodata failed: \"ref: refs/heads/master\" is not a valid GitHub commit ID"}
{"level":"info","ts":1568301956.0170448,"logger":"fallback-logger","caller":"git/git.go:102","msg":"Successfully cloned https://github.com/************-cloudbees/environment-toothgrave-staging.git @ master in path /workspace/source"}

Showing logs for build [32mfisoluwajana-cloudbees-environm-1[0m stage [32mfrom-build-pack[0m and container [32mstep-git-merge[0m
Using SHAs from PULL_REFS=master:d295f889fd9abad68dc51328de6d8410e993113b,1:c8681f56a33734a2c534f4119a27734b106bce1d
DEBUG: ran git fetch origin c8681f56a33734a2c534f4119a27734b106bce1d: d295f889fd9abad68dc51328de6d8410e993113b: in 
DEBUG: Unshallowed git repo in 
DEBUG: ran git checkout master in 
DEBUG: ran git reset --hard d295f889fd9abad68dc51328de6d8410e993113b in 
DEBUG: ran clean --force -d . in 
DEBUG: ran git merge c8681f56a33734a2c534f4119a27734b106bce1d in 
Merged SHA c8681f56a33734a2c534f4119a27734b106bce1d with commit message 'chore: Promote **-go-http to version 0.0.1' into base branch master

Showing logs for build [32mfisoluwajana-cloudbees-environm-1[0m stage [32mfrom-build-pack[0m and container [32mstep-build-helm-build[0m
WARNING: No $CHART_REPOSITORY defined so using the default value of: http://jenkins-x-chartmuseum:8080
Adding missing Helm repo: storage.googleapis.com https://storage.googleapis.com/chartmuseum.jenkins-x.io
Successfully added Helm repository storage.googleapis.com.
Adding missing Helm repo: jenkins-x-chartmuseum http://jenkins-x-chartmuseum:8080
Successfully added Helm repository jenkins-x-chartmuseum.
WARNING: No $CHART_REPOSITORY defined so using the default value of: http://jenkins-x-chartmuseum:8080
Adding missing Helm repo: chartmuseum.jenkins-x.io http://chartmuseum.jenkins-x.io
Successfully added Helm repository chartmuseum.jenkins-x.io.
